app/build/intermediates/manifest_merge_blame_file/debug/processDebugMainManifest/manifest-merger-blame-debug-report.txt
1<?xml version="1.0" encoding="utf-8"?>
2<manifest xmlns:android="http://schemas.android.com/apk/res/android"
3    package="com.app.quicklinks"
4    android:versionCode="1"
5    android:versionName="1.0" >
6
7    <uses-sdk
8        android:minSdkVersion="28"
9        android:targetSdkVersion="36" />
10
11    <uses-permission android:name="android.permission.CAMERA" />
11-->src\main\AndroidManifest.xml:4:5-65
11-->src\main\AndroidManifest.xml:4:22-62
12    <uses-permission android:name="android.permission.INTERNET" />
12-->src\main\AndroidManifest.xml:5:5-67
12-->src\main\AndroidManifest.xml:5:22-64
13
14    <permission
14-->[androidx.core:core:1.17.0] AndroidManifest.xml:22:5-24:47
15        android:name="com.app.quicklinks.DYNAMIC_RECEIVER_NOT_EXPORTED_PERMISSION"
15-->[androidx.core:core:1.17.0] AndroidManifest.xml:23:9-81
16        android:protectionLevel="signature" />
16-->[androidx.core:core:1.17.0] AndroidManifest.xml:24:9-44
17
18    <uses-permission android:name="com.app.quicklinks.DYNAMIC_RECEIVER_NOT_EXPORTED_PERMISSION" /> <!-- Although the *SdkVersion is captured in gradle build files, this is required for non gradle builds -->
18-->[androidx.core:core:1.17.0] AndroidManifest.xml:26:5-97
18-->[androidx.core:core:1.17.0] AndroidManifest.xml:26:22-94
19    <!-- <uses-sdk android:minSdkVersion="14"/> -->
20    <uses-permission android:name="android.permission.ACCESS_NETWORK_STATE" />
20-->[com.google.android.datatransport:transport-backend-cct:2.3.3] AndroidManifest.xml:25:5-79
20-->[com.google.android.datatransport:transport-backend-cct:2.3.3] AndroidManifest.xml:25:22-76
21
22    <application
22-->src\main\AndroidManifest.xml:7:5-28:19
23        android:name="com.app.quicklinks.QuicklinksApp"
23-->src\main\AndroidManifest.xml:8:9-38
24        android:allowBackup="true"
24-->src\main\AndroidManifest.xml:9:9-35
25        android:appComponentFactory="androidx.core.app.CoreComponentFactory"
25-->[androidx.core:core:1.17.0] AndroidManifest.xml:28:18-86
26        android:dataExtractionRules="@xml/data_extraction_rules"
26-->src\main\AndroidManifest.xml:10:9-65
27        android:debuggable="true"
28        android:extractNativeLibs="false"
29        android:fullBackupContent="@xml/backup_rules"
29-->src\main\AndroidManifest.xml:11:9-54
30        android:icon="@mipmap/ic_launcher"
30-->src\main\AndroidManifest.xml:12:9-43
31        android:label="@string/app_name"
31-->src\main\AndroidManifest.xml:13:9-41
32        android:roundIcon="@mipmap/ic_launcher_round"
32-->src\main\AndroidManifest.xml:14:9-54
33        android:supportsRtl="true"
33-->src\main\AndroidManifest.xml:15:9-35
34        android:testOnly="true"
35        android:theme="@style/Theme.MyApplication" >
35-->src\main\AndroidManifest.xml:16:9-51
36        <activity
36-->src\main\AndroidManifest.xml:17:9-27:20
37            android:name="com.app.quicklinks.MainActivity"
37-->src\main\AndroidManifest.xml:18:13-41
38            android:exported="true"
38-->src\main\AndroidManifest.xml:19:13-36
39            android:label="@string/app_name"
39-->src\main\AndroidManifest.xml:20:13-45
40            android:theme="@style/Theme.MyApplication" >
40-->src\main\AndroidManifest.xml:21:13-55
41            <intent-filter>
41-->src\main\AndroidManifest.xml:22:13-26:29
42                <action android:name="android.intent.action.MAIN" />
42-->src\main\AndroidManifest.xml:23:17-69
42-->src\main\AndroidManifest.xml:23:25-66
43
44                <category android:name="android.intent.category.LAUNCHER" />
44-->src\main\AndroidManifest.xml:25:17-77
44-->src\main\AndroidManifest.xml:25:27-74
45            </intent-filter>
46        </activity>
47
48        <service
48-->[androidx.camera:camera-camera2:1.3.4] AndroidManifest.xml:24:9-33:19
49            android:name="androidx.camera.core.impl.MetadataHolderService"
49-->[androidx.camera:camera-camera2:1.3.4] AndroidManifest.xml:25:13-75
50            android:enabled="false"
50-->[androidx.camera:camera-camera2:1.3.4] AndroidManifest.xml:26:13-36
51            android:exported="false" >
51-->[androidx.camera:camera-camera2:1.3.4] AndroidManifest.xml:27:13-37
52            <meta-data
52-->[androidx.camera:camera-camera2:1.3.4] AndroidManifest.xml:30:13-32:89
53                android:name="androidx.camera.core.impl.MetadataHolderService.DEFAULT_CONFIG_PROVIDER"
53-->[androidx.camera:camera-camera2:1.3.4] AndroidManifest.xml:31:17-103
54                android:value="androidx.camera.camera2.Camera2Config$DefaultProvider" />
54-->[androidx.camera:camera-camera2:1.3.4] AndroidManifest.xml:32:17-86
55        </service>
56        <service
56-->[com.google.android.gms:play-services-mlkit-barcode-scanning:18.3.0] AndroidManifest.xml:9:9-15:19
57            android:name="com.google.mlkit.common.internal.MlKitComponentDiscoveryService"
57-->[com.google.android.gms:play-services-mlkit-barcode-scanning:18.3.0] AndroidManifest.xml:10:13-91
58            android:directBootAware="true"
58-->[com.google.mlkit:common:18.9.0] AndroidManifest.xml:17:13-43
59            android:exported="false" >
59-->[com.google.android.gms:play-services-mlkit-barcode-scanning:18.3.0] AndroidManifest.xml:11:13-37
60            <meta-data
60-->[com.google.android.gms:play-services-mlkit-barcode-scanning:18.3.0] AndroidManifest.xml:12:13-14:85
61                android:name="com.google.firebase.components:com.google.mlkit.vision.barcode.internal.BarcodeRegistrar"
61-->[com.google.android.gms:play-services-mlkit-barcode-scanning:18.3.0] AndroidManifest.xml:13:17-120
62                android:value="com.google.firebase.components.ComponentRegistrar" />
62-->[com.google.android.gms:play-services-mlkit-barcode-scanning:18.3.0] AndroidManifest.xml:14:17-82
63            <meta-data
63-->[com.google.mlkit:vision-common:17.3.0] AndroidManifest.xml:12:13-14:85
64                android:name="com.google.firebase.components:com.google.mlkit.vision.common.internal.VisionCommonRegistrar"
64-->[com.google.mlkit:vision-common:17.3.0] AndroidManifest.xml:13:17-124
65                android:value="com.google.firebase.components.ComponentRegistrar" />
65-->[com.google.mlkit:vision-common:17.3.0] AndroidManifest.xml:14:17-82
66            <meta-data
66-->[com.google.mlkit:common:18.9.0] AndroidManifest.xml:20:13-22:85
67                android:name="com.google.firebase.components:com.google.mlkit.common.internal.CommonComponentRegistrar"
67-->[com.google.mlkit:common:18.9.0] AndroidManifest.xml:21:17-120
68                android:value="com.google.firebase.components.ComponentRegistrar" />
68-->[com.google.mlkit:common:18.9.0] AndroidManifest.xml:22:17-82
69        </service>
70
71        <provider
71-->[com.google.mlkit:common:18.9.0] AndroidManifest.xml:9:9-13:38
72            android:name="com.google.mlkit.common.internal.MlKitInitProvider"
72-->[com.google.mlkit:common:18.9.0] AndroidManifest.xml:10:13-78
73            android:authorities="com.app.quicklinks.mlkitinitprovider"
73-->[com.google.mlkit:common:18.9.0] AndroidManifest.xml:11:13-69
74            android:exported="false"
74-->[com.google.mlkit:common:18.9.0] AndroidManifest.xml:12:13-37
75            android:initOrder="99" />
75-->[com.google.mlkit:common:18.9.0] AndroidManifest.xml:13:13-35
76
77        <activity
77-->[com.google.android.gms:play-services-base:18.1.0] AndroidManifest.xml:20:9-22:45
78            android:name="com.google.android.gms.common.api.GoogleApiActivity"
78-->[com.google.android.gms:play-services-base:18.1.0] AndroidManifest.xml:20:19-85
79            android:exported="false"
79-->[com.google.android.gms:play-services-base:18.1.0] AndroidManifest.xml:22:19-43
80            android:theme="@android:style/Theme.Translucent.NoTitleBar" />
80-->[com.google.android.gms:play-services-base:18.1.0] AndroidManifest.xml:21:19-78
81
82        <meta-data
82-->[com.google.android.gms:play-services-basement:18.1.0] AndroidManifest.xml:21:9-23:69
83            android:name="com.google.android.gms.version"
83-->[com.google.android.gms:play-services-basement:18.1.0] AndroidManifest.xml:22:13-58
84            android:value="@integer/google_play_services_version" />
84-->[com.google.android.gms:play-services-basement:18.1.0] AndroidManifest.xml:23:13-66
85
86        <activity
86-->[androidx.compose.ui:ui-test-manifest:1.9.0] AndroidManifest.xml:23:9-26:79
87            android:name="androidx.activity.ComponentActivity"
87-->[androidx.compose.ui:ui-test-manifest:1.9.0] AndroidManifest.xml:24:13-63
88            android:exported="true"
88-->[androidx.compose.ui:ui-test-manifest:1.9.0] AndroidManifest.xml:25:13-36
89            android:theme="@android:style/Theme.Material.Light.NoActionBar" />
89-->[androidx.compose.ui:ui-test-manifest:1.9.0] AndroidManifest.xml:26:13-76
90        <activity
90-->[androidx.compose.ui:ui-tooling-android:1.9.0] AndroidManifest.xml:23:9-25:39
91            android:name="androidx.compose.ui.tooling.PreviewActivity"
91-->[androidx.compose.ui:ui-tooling-android:1.9.0] AndroidManifest.xml:24:13-71
92            android:exported="true" />
92-->[androidx.compose.ui:ui-tooling-android:1.9.0] AndroidManifest.xml:25:13-36
93
94        <provider
94-->[androidx.emoji2:emoji2:1.4.0] AndroidManifest.xml:24:9-32:20
95            android:name="androidx.startup.InitializationProvider"
95-->[androidx.emoji2:emoji2:1.4.0] AndroidManifest.xml:25:13-67
96            android:authorities="com.app.quicklinks.androidx-startup"
96-->[androidx.emoji2:emoji2:1.4.0] AndroidManifest.xml:26:13-68
97            android:exported="false" >
97-->[androidx.emoji2:emoji2:1.4.0] AndroidManifest.xml:27:13-37
98            <meta-data
98-->[androidx.emoji2:emoji2:1.4.0] AndroidManifest.xml:29:13-31:52
99                android:name="androidx.emoji2.text.EmojiCompatInitializer"
99-->[androidx.emoji2:emoji2:1.4.0] AndroidManifest.xml:30:17-75
100                android:value="androidx.startup" />
100-->[androidx.emoji2:emoji2:1.4.0] AndroidManifest.xml:31:17-49
101            <meta-data
101-->[androidx.lifecycle:lifecycle-process:2.9.4] AndroidManifest.xml:29:13-31:52
102                android:name="androidx.lifecycle.ProcessLifecycleInitializer"
102-->[androidx.lifecycle:lifecycle-process:2.9.4] AndroidManifest.xml:30:17-78
103                android:value="androidx.startup" />
103-->[androidx.lifecycle:lifecycle-process:2.9.4] AndroidManifest.xml:31:17-49
104            <meta-data
104-->[androidx.profileinstaller:profileinstaller:1.4.0] AndroidManifest.xml:29:13-31:52
105                android:name="androidx.profileinstaller.ProfileInstallerInitializer"
105-->[androidx.profileinstaller:profileinstaller:1.4.0] AndroidManifest.xml:30:17-85
106                android:value="androidx.startup" />
106-->[androidx.profileinstaller:profileinstaller:1.4.0] AndroidManifest.xml:31:17-49
107        </provider>
108
109        <service
109-->[androidx.room:room-runtime:2.6.1] AndroidManifest.xml:24:9-28:63
110            android:name="androidx.room.MultiInstanceInvalidationService"
110-->[androidx.room:room-runtime:2.6.1] AndroidManifest.xml:25:13-74
111            android:directBootAware="true"
111-->[androidx.room:room-runtime:2.6.1] AndroidManifest.xml:26:13-43
112            android:exported="false" />
112-->[androidx.room:room-runtime:2.6.1] AndroidManifest.xml:27:13-37
113        <service
113-->[com.google.android.datatransport:transport-backend-cct:2.3.3] AndroidManifest.xml:29:9-35:19
114            android:name="com.google.android.datatransport.runtime.backends.TransportBackendDiscovery"
114-->[com.google.android.datatransport:transport-backend-cct:2.3.3] AndroidManifest.xml:30:13-103
115            android:exported="false" >
115-->[com.google.android.datatransport:transport-backend-cct:2.3.3] AndroidManifest.xml:31:13-37
116            <meta-data
116-->[com.google.android.datatransport:transport-backend-cct:2.3.3] AndroidManifest.xml:32:13-34:39
117                android:name="backend:com.google.android.datatransport.cct.CctBackendFactory"
117-->[com.google.android.datatransport:transport-backend-cct:2.3.3] AndroidManifest.xml:33:17-94
118                android:value="cct" />
118-->[com.google.android.datatransport:transport-backend-cct:2.3.3] AndroidManifest.xml:34:17-36
119        </service>
120        <service
120-->[com.google.android.datatransport:transport-runtime:2.2.6] AndroidManifest.xml:26:9-30:19
121            android:name="com.google.android.datatransport.runtime.scheduling.jobscheduling.JobInfoSchedulerService"
121-->[com.google.android.datatransport:transport-runtime:2.2.6] AndroidManifest.xml:27:13-117
122            android:exported="false"
122-->[com.google.android.datatransport:transport-runtime:2.2.6] AndroidManifest.xml:28:13-37
123            android:permission="android.permission.BIND_JOB_SERVICE" >
123-->[com.google.android.datatransport:transport-runtime:2.2.6] AndroidManifest.xml:29:13-69
124        </service>
125
126        <receiver
126-->[com.google.android.datatransport:transport-runtime:2.2.6] AndroidManifest.xml:32:9-34:40
127            android:name="com.google.android.datatransport.runtime.scheduling.jobscheduling.AlarmManagerSchedulerBroadcastReceiver"
127-->[com.google.android.datatransport:transport-runtime:2.2.6] AndroidManifest.xml:33:13-132
128            android:exported="false" />
128-->[com.google.android.datatransport:transport-runtime:2.2.6] AndroidManifest.xml:34:13-37
129        <receiver
129-->[androidx.profileinstaller:profileinstaller:1.4.0] AndroidManifest.xml:34:9-52:20
130            android:name="androidx.profileinstaller.ProfileInstallReceiver"
130-->[androidx.profileinstaller:profileinstaller:1.4.0] AndroidManifest.xml:35:13-76
131            android:directBootAware="false"
131-->[androidx.profileinstaller:profileinstaller:1.4.0] AndroidManifest.xml:36:13-44
132            android:enabled="true"
132-->[androidx.profileinstaller:profileinstaller:1.4.0] AndroidManifest.xml:37:13-35
133            android:exported="true"
133-->[androidx.profileinstaller:profileinstaller:1.4.0] AndroidManifest.xml:38:13-36
134            android:permission="android.permission.DUMP" >
134-->[androidx.profileinstaller:profileinstaller:1.4.0] AndroidManifest.xml:39:13-57
135            <intent-filter>
135-->[androidx.profileinstaller:profileinstaller:1.4.0] AndroidManifest.xml:40:13-42:29
136                <action android:name="androidx.profileinstaller.action.INSTALL_PROFILE" />
136-->[androidx.profileinstaller:profileinstaller:1.4.0] AndroidManifest.xml:41:17-91
136-->[androidx.profileinstaller:profileinstaller:1.4.0] AndroidManifest.xml:41:25-88
137            </intent-filter>
138            <intent-filter>
138-->[androidx.profileinstaller:profileinstaller:1.4.0] AndroidManifest.xml:43:13-45:29
139                <action android:name="androidx.profileinstaller.action.SKIP_FILE" />
139-->[androidx.profileinstaller:profileinstaller:1.4.0] AndroidManifest.xml:44:17-85
139-->[androidx.profileinstaller:profileinstaller:1.4.0] AndroidManifest.xml:44:25-82
140            </intent-filter>
141            <intent-filter>
141-->[androidx.profileinstaller:profileinstaller:1.4.0] AndroidManifest.xml:46:13-48:29
142                <action android:name="androidx.profileinstaller.action.SAVE_PROFILE" />
142-->[androidx.profileinstaller:profileinstaller:1.4.0] AndroidManifest.xml:47:17-88
142-->[androidx.profileinstaller:profileinstaller:1.4.0] AndroidManifest.xml:47:25-85
143            </intent-filter>
144            <intent-filter>
144-->[androidx.profileinstaller:profileinstaller:1.4.0] AndroidManifest.xml:49:13-51:29
145                <action android:name="androidx.profileinstaller.action.BENCHMARK_OPERATION" />
145-->[androidx.profileinstaller:profileinstaller:1.4.0] AndroidManifest.xml:50:17-95
145-->[androidx.profileinstaller:profileinstaller:1.4.0] AndroidManifest.xml:50:25-92
146            </intent-filter>
147        </receiver>
148    </application>
149
150</manifest>